<?xml version="1.0" encoding="UTF-8"?>
<!-- Generated by org.testng.reporters.JUnitReportReporter -->
<testsuite hostname="theanh" failures="0" tests="5" name="poly.java5.test.CartTest" time="0.048" errors="0" timestamp="2025-03-31T13:01:42 ICT" skipped="0">
  <testcase classname="poly.java5.test.CartTest" name="testAddCart_Success" time="0.009"/>
  <testcase classname="poly.java5.test.CartTest" name="testAddCart_Success_ExistingProduct" time="0.003"/>
  <testcase classname="poly.java5.test.CartTest" name="testAddCart_Fail_ExceedStock" time="0.031"/>
  <testcase classname="poly.java5.test.CartTest" name="testDeleteCart_Success" time="0.002"/>
  <testcase classname="poly.java5.test.CartTest" name="testUpdateCart_Fail_UpdateToZero" time="0.003"/>
</testsuite> <!-- poly.java5.test.CartTest -->
