<?xml version="1.0" encoding="UTF-8"?>
<!-- Generated by org.testng.reporters.JUnitReportReporter -->
<testsuite hostname="theanh" failures="0" tests="2" name="poly.java5.test.SearchTest" time="0.047" errors="0" timestamp="2025-03-31T13:01:42 ICT" skipped="0">
  <testcase classname="poly.java5.test.SearchTest" name="testSearch_Fail" time="0.027"/>
  <testcase classname="poly.java5.test.SearchTest" name="testSearch_Success" time="0.020"/>
</testsuite> <!-- poly.java5.test.SearchTest -->
