<?xml version="1.0" encoding="UTF-8"?>
<!-- Generated by org.testng.reporters.JUnitReportReporter -->
<testsuite hostname="theanh" failures="0" tests="4" name="poly.java5.test.RegisterTest" time="0.064" errors="0" timestamp="2025-04-04T14:16:46 ICT" skipped="0">
  <testcase classname="poly.java5.test.RegisterTest" name="testRegister_Fail_EmailExists" time="0.024"/>
  <testcase classname="poly.java5.test.RegisterTest" name="testRegister_Fail_InvalidEmailFormat" time="0.010"/>
  <testcase classname="poly.java5.test.RegisterTest" name="testRegister_Success" time="0.026"/>
  <testcase classname="poly.java5.test.RegisterTest" name="testRegister_Fail_InvalidPassword" time="0.004"/>
</testsuite> <!-- poly.java5.test.RegisterTest -->
