<?xml version="1.0" encoding="UTF-8"?>
<!-- Generated by org.testng.reporters.JUnitReportReporter -->
<testsuite hostname="theanh" failures="0" tests="4" name="poly.java5.test.LoginTest" time="0.064" errors="0" timestamp="2025-04-04T14:16:46 ICT" skipped="0">
  <testcase classname="poly.java5.test.LoginTest" name="testFindByUsernameAndPassword_Failure_BothInvalid" time="0.024"/>
  <testcase classname="poly.java5.test.LoginTest" name="testFindByUsernameAndPassword_Success" time="0.032"/>
  <testcase classname="poly.java5.test.LoginTest" name="testFindByUsernameAndPassword_Failure_InvalidPassword" time="0.006"/>
  <testcase classname="poly.java5.test.LoginTest" name="testFindByUsernameAndPassword_Failure_InvalidUsername" time="0.002"/>
</testsuite> <!-- poly.java5.test.LoginTest -->
