<?xml version="1.0" encoding="UTF-8"?>
<!-- Generated by org.testng.reporters.JUnitReportReporter -->
<testsuite hostname="theanh" failures="0" tests="5" name="poly.java5.test.CartTest" time="0.069" errors="0" timestamp="2025-04-04T14:16:46 ICT" skipped="0">
  <testcase classname="poly.java5.test.CartTest" name="testAddCart_Success_ExistingProduct" time="0.005"/>
  <testcase classname="poly.java5.test.CartTest" name="testAddCart_Fail_ExceedStock" time="0.026"/>
  <testcase classname="poly.java5.test.CartTest" name="testUpdateCart_Fail_UpdateToZero" time="0.003"/>
  <testcase classname="poly.java5.test.CartTest" name="testDeleteCart_Success" time="0.028"/>
  <testcase classname="poly.java5.test.CartTest" name="testAddCart_Success" time="0.007"/>
</testsuite> <!-- poly.java5.test.CartTest -->
