<?xml version="1.0" encoding="UTF-8"?>
<!-- Generated by org.testng.reporters.JUnitReportReporter -->
<testsuite hostname="theanh" failures="0" tests="2" name="poly.java5.test.SearchTest" time="0.059" errors="0" timestamp="2025-04-04T14:16:46 ICT" skipped="0">
  <testcase classname="poly.java5.test.SearchTest" name="testSearch_Success" time="0.033"/>
  <testcase classname="poly.java5.test.SearchTest" name="testSearch_Fail" time="0.026"/>
</testsuite> <!-- poly.java5.test.SearchTest -->
