<?xml version="1.0" encoding="UTF-8"?>
<!-- Generated by org.testng.reporters.JUnitReportReporter -->
<testsuite hostname="theanh" failures="0" tests="4" name="poly.java5.test.RegisterTest" time="0.043" errors="0" timestamp="2025-03-31T13:01:42 ICT" skipped="0">
  <testcase classname="poly.java5.test.RegisterTest" name="testRegister_Success" time="0.002"/>
  <testcase classname="poly.java5.test.RegisterTest" name="testRegister_Fail_InvalidEmailFormat" time="0.010"/>
  <testcase classname="poly.java5.test.RegisterTest" name="testRegister_Fail_InvalidPassword" time="0.015"/>
  <testcase classname="poly.java5.test.RegisterTest" name="testRegister_Fail_EmailExists" time="0.016"/>
</testsuite> <!-- poly.java5.test.RegisterTest -->
