<?xml version="1.0" encoding="UTF-8"?>
<!-- Generated by org.testng.reporters.JUnitReportReporter -->
<testsuite hostname="theanh" failures="0" tests="4" name="poly.java5.test.LoginTest" time="0.060" errors="0" timestamp="2025-03-31T13:01:42 ICT" skipped="0">
  <testcase classname="poly.java5.test.LoginTest" name="testFindByUsernameAndPassword_Failure_InvalidPassword" time="0.003"/>
  <testcase classname="poly.java5.test.LoginTest" name="testFindByUsernameAndPassword_Failure_BothInvalid" time="0.017"/>
  <testcase classname="poly.java5.test.LoginTest" name="testFindByUsernameAndPassword_Failure_InvalidUsername" time="0.009"/>
  <testcase classname="poly.java5.test.LoginTest" name="testFindByUsernameAndPassword_Success" time="0.031"/>
</testsuite> <!-- poly.java5.test.LoginTest -->
