<?xml version="1.0" encoding="UTF-8"?>
<!-- Generated by org.testng.reporters.JUnitReportReporter -->
<testsuite hostname="theanh" failures="0" tests="3" name="groupTest.groupExample" time="0.016" errors="0" timestamp="2025-03-24T13:00:19 ICT" skipped="0">
  <testcase classname="groupTest.groupExample" name="testCaseFour" time="0.011"/>
  <testcase classname="groupTest.groupExample" name="testCaseOne" time="0.002"/>
  <testcase classname="groupTest.groupExample" name="testCaseTwo" time="0.003"/>
</testsuite> <!-- groupTest.groupExample -->
