<?xml version="1.0" encoding="UTF-8"?>
<!-- Generated by org.testng.reporters.JUnitReportReporter -->
<testsuite hostname="theanh" failures="0" tests="2" name="suiteTest.demoTwo" time="0.006" errors="0" timestamp="2025-03-24T13:00:11 ICT" skipped="0">
  <testcase classname="suiteTest.demoTwo" name="secondTestCase" time="0.003"/>
  <testcase classname="suiteTest.demoTwo" name="firstTestCase" time="0.003"/>
</testsuite> <!-- suiteTest.demoTwo -->
