<?xml version="1.0" encoding="UTF-8"?>
<!-- Generated by org.testng.reporters.JUnitReportReporter -->
<testsuite hostname="theanh" failures="0" tests="2" name="suiteTest.demoOne" time="0.011" errors="0" timestamp="2025-03-24T13:00:12 ICT" skipped="0">
  <testcase classname="suiteTest.demoOne" name="firstTestCase" time="0.010"/>
  <testcase classname="suiteTest.demoOne" name="secondTestCase" time="0.001"/>
</testsuite> <!-- suiteTest.demoOne -->
